<?xml version="1.0" encoding="UTF-8"?>
<!-- Generated by org.testng.reporters.JUnitReportReporter -->
<testsuite hostname="Madhukar" failures="0" tests="2" name="day43.AnnotationDemo2" time="0.011" errors="0" timestamp="2025-05-28T06:46:10 IST" skipped="0">
  <testcase classname="day43.AnnotationDemo2" name="test_search" time="0.007"/>
  <testcase classname="day43.AnnotationDemo2" name="test_advanced_search" time="0.004"/>
</testsuite> <!-- day43.AnnotationDemo2 -->
