<?xml version="1.0" encoding="UTF-8"?>
<!-- Generated by org.testng.reporters.JUnitReportReporter -->
<testsuite hostname="Madhukar" failures="0" tests="3" name="day44.SignUpTest" time="0.006" errors="0" timestamp="2025-05-29T17:36:37 IST" skipped="0">
  <testcase classname="day44.SignUpTest" name="Signupbyemail" time="0.001"/>
  <testcase classname="day44.SignUpTest" name="Signupbyfacebook" time="0.003"/>
  <testcase classname="day44.SignUpTest" name="Signupbytwitter" time="0.002"/>
</testsuite> <!-- day44.SignUpTest -->
