<?xml version="1.0" encoding="UTF-8"?>
<!-- Generated by org.testng.reporters.JUnitReportReporter -->
<testsuite hostname="Madhukar" failures="0" tests="3" name="day42.FirstTestcase" time="0.010" errors="0" timestamp="2025-05-27T08:59:50 IST" skipped="0">
  <testcase classname="day42.FirstTestcase" name="openapp" time="0.004"/>
  <testcase classname="day42.FirstTestcase" name="login" time="0.005"/>
  <testcase classname="day42.FirstTestcase" name="logout" time="0.001"/>
</testsuite> <!-- day42.FirstTestcase -->
