<?xml version="1.0" encoding="UTF-8"?>
<!-- Generated by org.testng.reporters.JUnitReportReporter -->
<testsuite hostname="Madhukar" failures="0" tests="2" name="day43.AnnotationsDemo" time="0.025" errors="0" timestamp="2025-05-28T06:29:17 IST" skipped="0">
  <testcase classname="day43.AnnotationsDemo" name="test_search" time="0.020"/>
  <testcase classname="day43.AnnotationsDemo" name="test_advanced_search" time="0.005"/>
</testsuite> <!-- day43.AnnotationsDemo -->
