<?xml version="1.0" encoding="UTF-8"?>
<!-- Generated by org.testng.reporters.JUnitReportReporter -->
<testsuite hostname="Madhukar" failures="0" tests="2" name="day43.pack.C3" time="0.008" errors="0" timestamp="2025-05-28T08:47:46 IST" skipped="0">
  <testcase classname="day43.pack.C3" name="pqr" time="0.006"/>
  <testcase classname="day43.pack.C3" name="pqr" time="0.002"/>
</testsuite> <!-- day43.pack.C3 -->
