<?xml version="1.0" encoding="UTF-8"?>
<!-- Generated by org.testng.reporters.JUnitReportReporter -->
<testsuite hostname="Madhukar" failures="0" tests="3" name="ParamTest" time="3.129" errors="0" timestamp="2025-05-30T13:34:17 IST" skipped="0">
  <testcase classname="ParamTest" name="test_logo" time="3.096"/>
  <testcase classname="ParamTest" name="test_title" time="0.011"/>
  <testcase classname="ParamTest" name="test_URL" time="0.022"/>
</testsuite> <!-- ParamTest -->
