<?xml version="1.0" encoding="UTF-8"?>
<!-- Generated by org.testng.reporters.JUnitReportReporter -->
<testsuite hostname="Madhukar" failures="0" tests="9" name="day45.ParamTest" time="9.780" errors="0" timestamp="2025-05-30T14:55:45 IST" skipped="0">
  <testcase classname="day45.ParamTest" name="test_logo" time="3.092"/>
  <testcase classname="day45.ParamTest" name="test_logo" time="3.229"/>
  <testcase classname="day45.ParamTest" name="test_logo" time="3.263"/>
  <testcase classname="day45.ParamTest" name="test_title" time="0.028"/>
  <testcase classname="day45.ParamTest" name="test_title" time="0.055"/>
  <testcase classname="day45.ParamTest" name="test_title" time="0.034"/>
  <testcase classname="day45.ParamTest" name="test_URL" time="0.011"/>
  <testcase classname="day45.ParamTest" name="test_URL" time="0.028"/>
  <testcase classname="day45.ParamTest" name="test_URL" time="0.040"/>
</testsuite> <!-- day45.ParamTest -->
