<?xml version="1.0" encoding="UTF-8"?>
<!-- Generated by org.testng.reporters.JUnitReportReporter -->
<testsuite hostname="Madhukar" failures="0" tests="1" name="day47.LoginTest" time="0.479" errors="0" timestamp="2025-06-01T13:53:23 IST" skipped="0">
  <testcase classname="day47.LoginTest" name="test_login" time="0.479"/>
</testsuite> <!-- day47.LoginTest -->
