<?xml version="1.0" encoding="UTF-8"?>
<!-- Generated by org.testng.reporters.JUnitReportReporter -->
<testsuite hostname="Madhukar" failures="0" tests="2" name="day43.pack.C1" time="0.014" errors="0" timestamp="2025-05-28T08:47:46 IST" skipped="0">
  <testcase classname="day43.pack.C1" name="abc" time="0.005"/>
  <testcase classname="day43.pack.C1" name="abc" time="0.009"/>
</testsuite> <!-- day43.pack.C1 -->
