<?xml version="1.0" encoding="UTF-8"?>
<!-- Generated by org.testng.reporters.JUnitReportReporter -->
<testsuite hostname="Madhukar" failures="0" tests="1" name="day47.LoginTest" time="1.606" errors="0" timestamp="2025-06-01T13:32:45 IST" skipped="0">
  <testcase classname="day47.LoginTest" name="test_login" time="1.606"/>
</testsuite> <!-- day47.LoginTest -->
