<?xml version="1.0" encoding="UTF-8"?>
<!-- Generated by org.testng.reporters.JUnitReportReporter -->
<testsuite hostname="Madhukar" failures="0" tests="2" name="day43.AllAnnotations" time="0.011" errors="0" timestamp="2025-05-28T09:09:50 IST" skipped="0">
  <testcase classname="day43.AllAnnotations" name="tm1" time="0.008"/>
  <testcase classname="day43.AllAnnotations" name="tm2" time="0.003"/>
</testsuite> <!-- day43.AllAnnotations -->
