<?xml version="1.0" encoding="UTF-8"?>
<!-- Generated by org.testng.reporters.JUnitReportReporter -->
<testsuite hostname="Madhukar" failures="0" tests="3" name="day44.LoginTests" time="0.017" errors="0" timestamp="2025-05-29T17:36:37 IST" skipped="0">
  <testcase classname="day44.LoginTests" name="loginbyemail" time="0.015"/>
  <testcase classname="day44.LoginTests" name="loginbyfacebook" time="0.001"/>
  <testcase classname="day44.LoginTests" name="loginbytwitter" time="0.001"/>
</testsuite> <!-- day44.LoginTests -->
