<?xml version="1.0" encoding="UTF-8"?>
<!-- Generated by org.testng.reporters.JUnitReportReporter -->
<testsuite hostname="Madhukar" failures="0" tests="4" name="day42.OrangeHRMTest" time="24.685" errors="0" timestamp="2025-05-27T08:59:50 IST" skipped="0">
  <testcase classname="day42.OrangeHRMTest" name="openapp" time="13.383"/>
  <testcase classname="day42.OrangeHRMTest" name="logopresence" time="3.092"/>
  <testcase classname="day42.OrangeHRMTest" name="login" time="2.289"/>
  <testcase classname="day42.OrangeHRMTest" name="logout" time="5.921"/>
</testsuite> <!-- day42.OrangeHRMTest -->
